
=== Mon Mar 21 04:19:33 2022

Packages were changed.
Update Mode: mergeDefaultDependencies

The following packages were added:
  com.unity.ide.rider@3.0.12
  com.unity.ide.visualstudio@2.0.14
  com.unity.ide.vscode@1.2.5
  com.unity.modules.ai@1.0.0
  com.unity.modules.androidjni@1.0.0
  com.unity.modules.animation@1.0.0
  com.unity.modules.assetbundle@1.0.0
  com.unity.modules.audio@1.0.0
  com.unity.modules.cloth@1.0.0
  com.unity.modules.director@1.0.0
  com.unity.modules.imageconversion@1.0.0
  com.unity.modules.imgui@1.0.0
  com.unity.modules.jsonserialize@1.0.0
  com.unity.modules.particlesystem@1.0.0
  com.unity.modules.physics@1.0.0
  com.unity.modules.physics2d@1.0.0
  com.unity.modules.screencapture@1.0.0
  com.unity.modules.terrain@1.0.0
  com.unity.modules.terrainphysics@1.0.0
  com.unity.modules.tilemap@1.0.0
  com.unity.modules.ui@1.0.0
  com.unity.modules.uielements@1.0.0
  com.unity.modules.umbra@1.0.0
  com.unity.modules.unityanalytics@1.0.0
  com.unity.modules.unitywebrequest@1.0.0
  com.unity.modules.unitywebrequestassetbundle@1.0.0
  com.unity.modules.unitywebrequestaudio@1.0.0
  com.unity.modules.unitywebrequesttexture@1.0.0
  com.unity.modules.unitywebrequestwww@1.0.0
  com.unity.modules.vehicles@1.0.0
  com.unity.modules.video@1.0.0
  com.unity.modules.vr@1.0.0
  com.unity.modules.wind@1.0.0
  com.unity.modules.xr@1.0.0
  com.unity.test-framework@1.1.31
  com.unity.visualscripting@1.7.6
The following packages were updated:
  com.unity.collab-proxy from version 1.13.5 to 1.15.13
  com.unity.timeline from version 1.6.2 to 1.6.4

=== Fri Aug  4 22:31:59 2023

Packages were changed.
Update Mode: updateDependencies

The following packages were added:
  com.unity.ai.navigation@1.1.4
The following packages were updated:
  com.unity.animation.rigging from version 1.1.1 to 1.2.1
  com.unity.collab-proxy from version 1.15.13 to 2.0.5
  com.unity.ide.rider from version 3.0.13 to 3.0.24
  com.unity.ide.visualstudio from version 2.0.15 to 2.0.18
  com.unity.inputsystem from version 1.3.0 to 1.6.3
  com.unity.render-pipelines.universal from version 12.1.5 to 14.0.8
  com.unity.test-framework from version 1.1.31 to 1.1.33
  com.unity.timeline from version 1.6.4 to 1.7.5
  com.unity.visualeffectgraph from version 12.1.5 to 14.0.8
  com.unity.visualscripting from version 1.7.6 to 1.8.0

=== Sat May 17 23:03:17 2025

Packages were changed.
Update Mode: updateDependencies

The following packages were added:
  com.unity.modules.accessibility@1.0.0
  com.unity.multiplayer.center@1.0.0
The following packages were updated:
  com.unity.ai.navigation from version 1.1.4 to 2.0.7
  com.unity.animation.rigging from version 1.2.1 to 1.3.0
  com.unity.collab-proxy from version 2.0.5 to 2.8.1
  com.unity.feature.development from version 1.0.1 to 1.0.2
  com.unity.ide.rider from version 3.0.24 to 3.0.36
  com.unity.ide.visualstudio from version 2.0.18 to 2.0.23
  com.unity.inputsystem from version 1.6.3 to 1.14.0
  com.unity.render-pipelines.universal from version 14.0.8 to 17.1.0
  com.unity.test-framework from version 1.1.33 to 1.5.1
  com.unity.timeline from version 1.7.5 to 1.8.7
  com.unity.toolchain.win-x86_64-linux-x86_64 from version 2.0.6 to 2.0.10
  com.unity.ugui from version 1.0.0 to 2.0.0
  com.unity.visualeffectgraph from version 14.0.8 to 17.1.0
  com.unity.visualscripting from version 1.8.0 to 1.9.6
The following packages were removed:
  com.unity.textmeshpro@3.0.6
